Determining if the pthread_create exist failed with the following output:
Change Dir: /home/marolab/Documents/frankaProject/build/CMakeFiles/CMakeTmp

Run Build Command:"/usr/bin/make" "cmTC_b9246/fast"
/usr/bin/make -f CMakeFiles/cmTC_b9246.dir/build.make CMakeFiles/cmTC_b9246.dir/build
make[1]: Entering directory '/home/marolab/Documents/frankaProject/build/CMakeFiles/CMakeTmp'
Building C object CMakeFiles/cmTC_b9246.dir/CheckSymbolExists.c.o
/usr/bin/gcc-7    -o CMakeFiles/cmTC_b9246.dir/CheckSymbolExists.c.o   -c /home/marolab/Documents/frankaProject/build/CMakeFiles/CMakeTmp/CheckSymbolExists.c
Linking C executable cmTC_b9246
/usr/bin/cmake -E cmake_link_script CMakeFiles/cmTC_b9246.dir/link.txt --verbose=1
/usr/bin/gcc-7      -rdynamic CMakeFiles/cmTC_b9246.dir/CheckSymbolExists.c.o  -o cmTC_b9246 
CMakeFiles/cmTC_b9246.dir/CheckSymbolExists.c.o: In function `main':
CheckSymbolExists.c:(.text+0x1b): undefined reference to `pthread_create'
collect2: error: ld returned 1 exit status
CMakeFiles/cmTC_b9246.dir/build.make:97: recipe for target 'cmTC_b9246' failed
make[1]: *** [cmTC_b9246] Error 1
make[1]: Leaving directory '/home/marolab/Documents/frankaProject/build/CMakeFiles/CMakeTmp'
Makefile:126: recipe for target 'cmTC_b9246/fast' failed
make: *** [cmTC_b9246/fast] Error 2

File /home/marolab/Documents/frankaProject/build/CMakeFiles/CMakeTmp/CheckSymbolExists.c:
/* */
#include <pthread.h>

int main(int argc, char** argv)
{
  (void)argv;
#ifndef pthread_create
  return ((int*)(&pthread_create))[argc];
#else
  (void)argc;
  return 0;
#endif
}

